planeGame/build/outputs/logs/manifest-merger-debug-report.txt
-- Merging decision tree log ---
manifest
ADDED from src\main\AndroidManifest.xml:2:1-14:12
	package
		ADDED from src\main\AndroidManifest.xml:3:2-18
		INJECTED from src\main\AndroidManifest.xml
		INJECTED from src\main\AndroidManifest.xml
	android:versionName
		ADDED from src\main\AndroidManifest.xml:3:43-68
		INJECTED from src\main\AndroidManifest.xml
		INJECTED from src\main\AndroidManifest.xml
	android:versionCode
		ADDED from src\main\AndroidManifest.xml:3:19-42
		INJECTED from src\main\AndroidManifest.xml
		INJECTED from src\main\AndroidManifest.xml
	xmlns:android
		ADDED from src\main\AndroidManifest.xml:2:11-69
application
ADDED from src\main\AndroidManifest.xml:4:2-13:16
	android:label
		ADDED from src\main\AndroidManifest.xml:4:45-77
	android:icon
		ADDED from src\main\AndroidManifest.xml:4:15-44
activity#com.pg.MainActivity
ADDED from src\main\AndroidManifest.xml:5:3-11:14
	android:screenOrientation
		ADDED from src\main\AndroidManifest.xml:6:4-40
	android:label
		ADDED from src\main\AndroidManifest.xml:5:42-74
	android:name
		ADDED from src\main\AndroidManifest.xml:5:13-41
intent-filter#android.intent.action.MAIN+android.intent.category.LAUNCHER
ADDED from src\main\AndroidManifest.xml:7:4-10:20
action#android.intent.action.MAIN
ADDED from src\main\AndroidManifest.xml:8:5-57
	android:name
		ADDED from src\main\AndroidManifest.xml:8:13-54
category#android.intent.category.LAUNCHER
ADDED from src\main\AndroidManifest.xml:9:5-65
	android:name
		ADDED from src\main\AndroidManifest.xml:9:15-62